<?xml version="1.0" encoding="UTF-8"?>
<!-- Generated by org.testng.reporters.JUnitXMLReporter -->
<testsuite hostname="AtulB-MTP" ignored="0" name="Firefox Test" tests="2" failures="1" timestamp="31 May 2017 06:37:46 GMT" time="0.078" errors="0">
  <testcase name="@BeforeTest openBrowser" time="0.0" classname="tests.ParallelTest">
    <failure type="org.testng.TestNGException" message="
Parameter &amp;apos;browser&amp;apos; is required by BeforeTest on method openBrowser but has not been marked @Optional or defined
in C:\Users\atul.bharadwaj\Desktop\Banner_Auto_Old\Banner_Automation\testng.xml">
      <![CDATA[org.testng.TestNGException: 
Parameter 'browser' is required by BeforeTest on method openBrowser but has not been marked @Optional or defined
in C:\Users\atul.bharadwaj\Desktop\Banner_Auto_Old\Banner_Automation\testng.xml
... Removed 20 stack frames]]>
    </failure>
  </testcase> <!-- @BeforeTest openBrowser -->
  <testcase name="@AfterTest closeBrowser" time="0.0" classname="tests.ParallelTest">
    <skipped/>
  </testcase> <!-- @AfterTest closeBrowser -->
  <testcase name="findBannerLength" time="0.016" classname="tests.ParallelTest">
    <skipped/>
  </testcase> <!-- findBannerLength -->
  <testcase name="TestCase_ALL" time="0.0" classname="tests.ParallelTest">
    <failure type="org.testng.TestNGException" message="
Parameter &amp;apos;browser&amp;apos; is required by @Test on method TestCase_ALL but has not been marked @Optional or defined
in C:\Users\atul.bharadwaj\Desktop\Banner_Auto_Old\Banner_Automation\testng.xml">
      <![CDATA[org.testng.TestNGException: 
Parameter 'browser' is required by @Test on method TestCase_ALL but has not been marked @Optional or defined
in C:\Users\atul.bharadwaj\Desktop\Banner_Auto_Old\Banner_Automation\testng.xml
... Removed 23 stack frames]]>
    </failure>
  </testcase> <!-- TestCase_ALL -->
</testsuite> <!-- Firefox Test -->
